<?xml version="1.0" encoding="UTF-8"?>
<!-- Generated by org.testng.reporters.JUnitReportReporter -->
<testsuite hostname="LAPTOP-G5AM45TG" failures="0" tests="1" name="testCases.TC001_AccountRegistrationTest" time="9.835" errors="0" timestamp="2025-04-05T20:55:17 NPT" skipped="0">
  <testcase classname="testCases.TC001_AccountRegistrationTest" name="verify_account_registration" time="9.835"/>
</testsuite> <!-- testCases.TC001_AccountRegistrationTest -->
