<?xml version="1.0" encoding="UTF-8"?>
<!-- Generated by org.testng.reporters.JUnitReportReporter -->
<testsuite hostname="LAPTOP-G5AM45TG" failures="0" tests="1" name="testCases.TC001_AccountRegistrationTest" time="2.192" errors="0" timestamp="2025-04-06T09:58:14 NPT" skipped="0">
  <testcase classname="testCases.TC001_AccountRegistrationTest" name="verify_account_registration" time="2.192"/>
</testsuite> <!-- testCases.TC001_AccountRegistrationTest -->
